1543241073673	mozrunner::runner	INFO	Running command: "C:\\Program Files\\Mozilla Firefox\\firefox.exe" "-marionette" "-foreground" "-no-remote" "-profile" "C:\\Users\\Aline\\AppData\\Local\\Temp\\rust_mozprofile.w5L5bxRXUj0t"
1543241077884	Marionette	INFO	Listening on port 57437
1543241078008	Marionette	WARN	TLS certificate errors will be ignored for this session
JavaScript error: https://www.facebook.com/rsrc.php/v3/y1/r/f8bc4sJHKv5.js, line 55: TypeError: setting getter-only property "message"
JavaScript error: https://www.facebook.com/rsrc.php/v3/yN/r/dklp3RbUwl_.js, line 54: SecurityError: Permission denied to access property "fb_xdm_frame_https" on cross-origin object
JavaScript error: https://www.facebook.com/rsrc.php/v3/y1/r/f8bc4sJHKv5.js, line 55: TypeError: setting getter-only property "message"
JavaScript error: https://www.facebook.com/rsrc.php/v3/yN/r/dklp3RbUwl_.js, line 54: SecurityError: Permission denied to access property "fb_xdm_frame_https" on cross-origin object
1543241105575	Marionette	INFO	Stopped listening on port 57437
[Parent 1152, Gecko_IOThread] WARNING: pipe error: 109: file z:/build/build/src/ipc/chromium/src/chrome/common/ipc_channel_win.cc, line 346
[Parent 1152, Gecko_IOThread] WARNING: pipe error: 109: file z:/build/build/src/ipc/chromium/src/chrome/common/ipc_channel_win.cc, line 346
[Child 10448, Chrome_ChildThread] WARNING: pipe error: 109: file z:/build/build/src/ipc/chromium/src/chrome/common/ipc_channel_win.cc, line 346
[Child 10448, Chrome_ChildThread] WARNING: pipe error: 109: file z:/build/build/src/ipc/chromium/src/chrome/common/ipc_channel_win.cc, line 346

###!!! [Child][RunMessage] Error: Channel closing: too late to send/recv, messages will be lost

[Child 16872, Chrome_ChildThread] WARNING: pipe error: 109: file z:/build/build/src/ipc/chromium/src/chrome/common/ipc_channel_win.cc, line 346
[Child 16872, Chrome_ChildThread] WARNING: pipe error: 109: file z:/build/build/src/ipc/chromium/src/chrome/common/ipc_channel_win.cc, line 346
[Parent 1152, Gecko_IOThread] WARNING: file z:/build/build/src/ipc/chromium/src/base/process_util_win.cc, line 188

###!!! [Child][RunMessage] Error: Channel closing: too late to send/recv, messages will be lost

[GPU 18452, Chrome_ChildThread] WARNING: pipe error: 109: file z:/build/build/src/ipc/chromium/src/chrome/common/ipc_channel_win.cc, line 346

###!!! [Child][MessageChannel::SendAndWait] Error: Channel error: cannot send/recv

ionpractice.com%252Ff1bcf9d26ca4584%26relation%3Dparent.parent&color_scheme=light&container_width=330&header=false&href=https%3A%2F%2Fwww.facebook.com%2Fprestashop&locale=en_US&sdk=joey&show_border=false&show_faces=true&stream=false, line 18: ReferenceError: requireLazy is not defined
JavaScript error: https://www.facebook.com/plugins/like_box.php?app_id=334341610034299&channel=https%3A%2F%2Fstaticxx.facebook.com%2Fconnect%2Fxd_arbiter%2Fr%2FafATJJjxKE6.js%3Fversion%3D43%23cb%3Df3032fd613e1e6a%26domain%3Dautomationpractice.com%26origin%3Dhttp%253A%252F%252Fautomationpractice.com%252Ff1bcf9d26ca4584%26relation%3Dparent.parent&color_scheme=light&container_width=330&header=false&href=https%3A%2F%2Fwww.facebook.com%2Fprestashop&locale=en_US&sdk=joey&show_border=false&show_faces=true&stream=false, line 19: ReferenceError: requireLazy is not defined
JavaScript error: https://www.facebook.com/plugins/like_box.php?app_id=334341610034299&channel=https%3A%2F%2Fstaticxx.facebook.com%2Fconnect%2Fxd_arbiter%2Fr%2FafATJJjxKE6.js%3Fversion%3D43%23cb%3Df3032fd613e1e6a%26domain%3Dautomationpractice.com%26origin%3Dhttp%253A%252F%252Fautomationpractice.com%252Ff1bcf9d26ca4584%26relation%3Dparent.parent&color_scheme=light&container_width=330&header=false&href=https%3A%2F%2Fwww.facebook.com%2Fprestashop&locale=en_US&sdk=joey&show_border=false&show_faces=true&stream=false, line 20: ReferenceError: require is not defined
console.error: BroadcastService: 
  receivedBroadcastMessage: handler for
  remote-settings/monitor_changes
  threw error:
  Message: Error: Polling for changes failed: NetworkError when attempting to fetch resource..
  Stack:
    remoteSettingsFunction/remoteSettings.pollChanges@resource://services-settings/remote-settings.js:721:13

1543240502004	Marionette	INFO	Stopped listening on port 56244

###!!! [Child][RunMessage] Error: Channel closing: too late to send/recv, messages will be lost

[Child 8868, Chrome_ChildThread] WARNING: pipe error: 109: file z:/build/build/src/ipc/chromium/src/chrome/common/ipc_channel_win.cc, line 346
[Child 8868, Chrome_ChildThread] WARNING: pipe error: 109: file z:/build/build/src/ipc/chromium/src/chrome/common/ipc_channel_win.cc, line 346
[Parent 21264, Gecko_IOThread] WARNING: pipe error: 109: file z:/build/build/src/ipc/chromium/src/chrome/common/ipc_channel_win.cc, line 346
[Parent 21264, Gecko_IOThread] WARNING: file z:/build/build/src/ipc/chromium/src/base/process_util_win.cc, line 188

###!!! [Child][RunMessage] Error: Channel closing: too late to send/recv, messages will be lost

[GPU 11584, Chrome_ChildThread] WARNING: pipe error: 109: file z:/build/build/src/ipc/chromium/src/chrome/common/ipc_channel_win.cc, line 346
js -> resource://devtools/shared/event-emitter.js:255:5
_onMutations@resource://devtools/shared/base-loader.js -> resource://devtools/client/framework/selection.js:105:7
emit@resource://devtools/shared/base-loader.js -> resource://devtools/shared/event-emitter.js:178:15
emit@resource://devtools/shared/base-loader.js -> resource://devtools/shared/event-emitter.js:255:5
WalkerFront<.getMutations</<@resource://devtools/shared/base-loader.js -> resource://devtools/shared/fronts/inspector.js:414:7

console.error: "Tried to send a 'tabDetached' event on an already destroyed actor 'frameTarget'"
[Parent 12624, Gecko_IOThread] WARNING: pipe error: 109: file z:/build/build/src/ipc/chromium/src/chrome/common/ipc_channel_win.cc, line 346
[Child 13272, Chrome_ChildThread] WARNING: pipe error: 109: file z:/build/build/src/ipc/chromium/src/chrome/common/ipc_channel_win.cc, line 346
[Child 14180, Chrome_ChildThread] WARNING: pipe error: 109: file z:/build/build/src/ipc/chromium/src/chrome/common/ipc_channel_win.cc, line 346
[Child 14180, Chrome_ChildThread] WARNING: pipe error: 109: file z:/build/build/src/ipc/chromium/src/chrome/common/ipc_channel_win.cc, line 346
1543193963469	Marionette	INFO	Stopped listening on port 49749

###!!! [Child][RunMessage] Error: Channel closing: too late to send/recv, messages will be lost

[GPU 15436, Chrome_ChildThread] WARNING: pipe error: 109: file z:/build/build/src/ipc/chromium/src/chrome/common/ipc_channel_win.cc, line 346

###!!! [Child][MessageChannel::SendAndWait] Error: (msgtype=0x4E0005,name=PImageBridge::Msg_WillClose) Channel error: cannot send/recv

